[2026-05-11 02:41:13] progress=68/666 summary_exists=False finalized=False
[2026-05-11 02:41:36] progress=69/666 summary_exists=False finalized=False
[2026-05-11 02:41:59] progress=69/666 summary_exists=False finalized=False
[2026-05-11 02:42:36] progress=70/666 summary_exists=False finalized=False
[2026-05-11 02:42:44] progress=71/666 summary_exists=False finalized=False
[2026-05-11 02:45:45] progress=76/666 summary_exists=False finalized=False
[2026-05-11 02:48:46] progress=81/666 summary_exists=False finalized=False
[2026-05-11 02:51:47] progress=87/666 summary_exists=False finalized=False
[2026-05-11 02:54:47] progress=93/666 summary_exists=False finalized=False
[2026-05-11 02:57:48] progress=98/666 summary_exists=False finalized=False
[2026-05-11 03:00:49] progress=104/666 summary_exists=False finalized=False
[2026-05-11 03:03:50] progress=109/666 summary_exists=False finalized=False
[2026-05-11 03:06:51] progress=115/666 summary_exists=False finalized=False
[2026-05-11 03:09:52] progress=121/666 summary_exists=False finalized=False
[2026-05-11 03:12:52] progress=126/666 summary_exists=False finalized=False
[2026-05-11 03:15:53] progress=132/666 summary_exists=False finalized=False
[2026-05-11 03:18:54] progress=137/666 summary_exists=False finalized=False
[2026-05-11 03:21:55] progress=143/666 summary_exists=False finalized=False
[2026-05-11 03:24:56] progress=149/666 summary_exists=False finalized=False
[2026-05-11 03:27:57] progress=171/614 summary_exists=False finalized=False
[2026-05-11 03:30:58] progress=404/614 summary_exists=False finalized=False
[2026-05-11 03:33:58] progress=614/614 summary_exists=False finalized=False
[2026-05-11 03:36:59] progress=155/666 summary_exists=False finalized=False
[2026-05-11 03:40:00] progress=161/666 summary_exists=False finalized=False
[2026-05-11 03:43:01] progress=166/666 summary_exists=False finalized=False
[2026-05-11 03:46:08] progress=172/666 summary_exists=False finalized=False
[2026-05-11 03:49:09] progress=178/666 summary_exists=False finalized=False
[2026-05-11 03:52:10] progress=183/666 summary_exists=False finalized=False
[2026-05-11 03:55:11] progress=189/666 summary_exists=False finalized=False
[2026-05-11 03:58:11] progress=194/666 summary_exists=False finalized=False
[2026-05-11 04:01:12] progress=200/666 summary_exists=False finalized=False
[2026-05-11 04:04:13] progress=206/666 summary_exists=False finalized=False
[2026-05-11 04:07:14] progress=212/666 summary_exists=False finalized=False
[2026-05-11 04:10:15] progress=217/666 summary_exists=False finalized=False
[2026-05-11 04:13:16] progress=223/666 summary_exists=False finalized=False
[2026-05-11 04:16:17] progress=228/666 summary_exists=False finalized=False
[2026-05-11 04:19:17] progress=234/666 summary_exists=False finalized=False
[2026-05-11 04:22:18] progress=239/666 summary_exists=False finalized=False
[2026-05-11 04:25:19] progress=245/666 summary_exists=False finalized=False
[2026-05-11 04:28:20] progress=250/666 summary_exists=False finalized=False
[2026-05-11 04:31:21] progress=256/666 summary_exists=False finalized=False
[2026-05-11 04:34:22] progress=262/666 summary_exists=False finalized=False
[2026-05-11 04:37:23] progress=267/666 summary_exists=False finalized=False
[2026-05-11 04:40:23] progress=273/666 summary_exists=False finalized=False
[2026-05-11 04:43:24] progress=279/666 summary_exists=False finalized=False
[2026-05-11 04:46:25] progress=284/666 summary_exists=False finalized=False
[2026-05-11 04:49:26] progress=290/666 summary_exists=False finalized=False
[2026-05-11 04:52:27] progress=295/666 summary_exists=False finalized=False
[2026-05-11 04:55:28] progress=43/614 summary_exists=False finalized=False
[2026-05-11 04:58:28] progress=253/614 summary_exists=False finalized=False
[2026-05-11 05:01:29] progress=493/614 summary_exists=False finalized=False
[2026-05-11 05:04:30] progress=302/666 summary_exists=False finalized=False
[2026-05-11 05:07:31] progress=308/666 summary_exists=False finalized=False
[2026-05-11 05:10:32] progress=313/666 summary_exists=False finalized=False
[2026-05-11 05:13:32] progress=319/666 summary_exists=False finalized=False
[2026-05-11 05:16:33] progress=325/666 summary_exists=False finalized=False
[2026-05-11 05:19:34] progress=330/666 summary_exists=False finalized=False
[2026-05-11 05:22:35] progress=336/666 summary_exists=False finalized=False
[2026-05-11 05:25:36] progress=342/666 summary_exists=False finalized=False
[2026-05-11 05:28:37] progress=347/666 summary_exists=False finalized=False
[2026-05-11 05:31:37] progress=353/666 summary_exists=False finalized=False
[2026-05-11 05:34:38] progress=359/666 summary_exists=False finalized=False
[2026-05-11 05:37:39] progress=364/666 summary_exists=False finalized=False
[2026-05-11 05:40:40] progress=370/666 summary_exists=False finalized=False
[2026-05-11 05:43:41] progress=376/666 summary_exists=False finalized=False
[2026-05-11 05:46:42] progress=381/666 summary_exists=False finalized=False
[2026-05-11 05:49:42] progress=387/666 summary_exists=False finalized=False
[2026-05-11 05:52:44] progress=392/666 summary_exists=False finalized=False
[2026-05-11 05:55:44] progress=398/666 summary_exists=False finalized=False
[2026-05-11 05:58:45] progress=403/666 summary_exists=False finalized=False
[2026-05-11 06:01:46] progress=409/666 summary_exists=False finalized=False
[2026-05-11 06:04:47] progress=414/666 summary_exists=False finalized=False
[2026-05-11 06:07:48] progress=420/666 summary_exists=False finalized=False
[2026-05-11 06:10:48] progress=426/666 summary_exists=False finalized=False
[2026-05-11 06:13:49] progress=431/666 summary_exists=False finalized=False
[2026-05-11 06:16:50] progress=437/666 summary_exists=False finalized=False
[2026-05-11 06:19:51] progress=442/666 summary_exists=False finalized=False
[2026-05-11 06:22:51] progress=448/666 summary_exists=False finalized=False
[2026-05-11 06:25:52] progress=137/614 summary_exists=False finalized=False
[2026-05-11 06:28:53] progress=366/614 summary_exists=False finalized=False
[2026-05-11 06:31:54] progress=597/614 summary_exists=False finalized=False
[2026-05-11 06:34:55] progress=455/666 summary_exists=False finalized=False
[2026-05-11 06:37:56] progress=460/666 summary_exists=False finalized=False
[2026-05-11 06:40:56] progress=466/666 summary_exists=False finalized=False
[2026-05-11 06:43:57] progress=472/666 summary_exists=False finalized=False
[2026-05-11 06:46:58] progress=477/666 summary_exists=False finalized=False
[2026-05-11 06:49:59] progress=483/666 summary_exists=False finalized=False
[2026-05-11 06:53:00] progress=489/666 summary_exists=False finalized=False
[2026-05-11 06:56:00] progress=494/666 summary_exists=False finalized=False
[2026-05-11 06:59:08] progress=500/666 summary_exists=False finalized=False
[2026-05-11 07:02:08] progress=505/666 summary_exists=False finalized=False
[2026-05-11 07:05:09] progress=511/666 summary_exists=False finalized=False
[2026-05-11 07:08:10] progress=517/666 summary_exists=False finalized=False
[2026-05-11 07:11:11] progress=522/666 summary_exists=False finalized=False
[2026-05-11 07:14:12] progress=528/666 summary_exists=False finalized=False
[2026-05-11 07:17:13] progress=534/666 summary_exists=False finalized=False
[2026-05-11 07:20:13] progress=539/666 summary_exists=False finalized=False
[2026-05-11 07:23:14] progress=545/666 summary_exists=False finalized=False
[2026-05-11 07:26:15] progress=551/666 summary_exists=False finalized=False
[2026-05-11 07:29:16] progress=556/666 summary_exists=False finalized=False
[2026-05-11 07:32:17] progress=562/666 summary_exists=False finalized=False
[2026-05-11 07:35:18] progress=567/666 summary_exists=False finalized=False
[2026-05-11 07:38:19] progress=573/666 summary_exists=False finalized=False
[2026-05-11 07:41:19] progress=578/666 summary_exists=False finalized=False
[2026-05-11 07:44:20] progress=584/666 summary_exists=False finalized=False
[2026-05-11 07:47:21] progress=590/666 summary_exists=False finalized=False
[2026-05-11 07:50:22] progress=595/666 summary_exists=False finalized=False
[2026-05-11 07:53:23] progress=49/614 summary_exists=False finalized=False
[2026-05-11 07:56:23] progress=261/614 summary_exists=False finalized=False
[2026-05-11 07:59:24] progress=501/614 summary_exists=False finalized=False
[2026-05-11 08:02:25] progress=602/666 summary_exists=False finalized=False
[2026-05-11 08:05:26] progress=608/666 summary_exists=False finalized=False
[2026-05-11 08:08:27] progress=613/666 summary_exists=False finalized=False
[2026-05-11 08:11:28] progress=619/666 summary_exists=False finalized=False
[2026-05-11 08:14:29] progress=625/666 summary_exists=False finalized=False
[2026-05-11 08:17:29] progress=630/666 summary_exists=False finalized=False
[2026-05-11 08:20:30] progress=636/666 summary_exists=False finalized=False
[2026-05-11 08:23:31] progress=642/666 summary_exists=False finalized=False
[2026-05-11 08:26:32] progress=647/666 summary_exists=False finalized=False
[2026-05-11 08:29:33] progress=653/666 summary_exists=False finalized=False
[2026-05-11 08:32:34] progress=658/666 summary_exists=False finalized=False
[2026-05-11 08:35:35] progress=664/666 summary_exists=False finalized=False
[2026-05-11 08:38:36] progress=164/614 summary_exists=False finalized=False
[2026-05-11 08:41:36] progress=398/614 summary_exists=False finalized=False
[2026-05-11 08:44:37] progress=666/666 summary_exists=False finalized=False
[2026-05-11 08:47:38] progress=666/666 summary_exists=False finalized=False
[2026-05-11 08:50:39] progress=666/666 summary_exists=False finalized=False
[2026-05-11 08:53:40] progress=666/666 summary_exists=False finalized=False
[2026-05-11 08:56:41] progress=666/666 summary_exists=False finalized=False
[2026-05-11 08:59:42] progress=666/666 summary_exists=False finalized=False
[2026-05-11 09:02:43] progress=666/666 summary_exists=False finalized=False
[2026-05-11 09:05:43] progress=666/666 summary_exists=False finalized=False
[2026-05-11 09:08:44] progress=666/666 summary_exists=False finalized=False
[2026-05-11 09:11:45] progress=666/666 summary_exists=False finalized=False
[2026-05-11 09:14:46] progress=666/666 summary_exists=False finalized=False
[2026-05-11 09:17:47] progress=666/666 summary_exists=False finalized=False
[2026-05-11 09:55:10] progress=666/666 summary_exists=False finalized=False
[2026-05-11 09:59:57] progress=666/666 eval_running=True results_lines=94 summary_exists=False finalized=False
[2026-05-11 10:00:52] progress=666/666 eval_running=True results_lines=95 summary_exists=False finalized=False
[2026-05-11 10:01:08] progress=666/666 eval_running=True results_lines=95 summary_exists=False finalized=False
[2026-05-11 10:03:09] progress=666/666 eval_running=True results_lines=97 summary_exists=False finalized=False
[2026-05-11 10:05:10] progress=666/666 eval_running=True results_lines=101 summary_exists=False finalized=False
[2026-05-11 10:07:10] progress=666/666 eval_running=True results_lines=103 summary_exists=False finalized=False
[2026-05-11 10:09:12] progress=666/666 eval_running=True results_lines=106 summary_exists=False finalized=False
[2026-05-11 10:11:12] progress=666/666 eval_running=True results_lines=108 summary_exists=False finalized=False
[2026-05-11 10:13:13] progress=666/666 eval_running=True results_lines=109 summary_exists=False finalized=False
[2026-05-11 10:15:14] progress=666/666 eval_running=True results_lines=112 summary_exists=False finalized=False
[2026-05-11 10:17:15] progress=666/666 eval_running=True results_lines=114 summary_exists=False finalized=False
[2026-05-11 10:19:16] progress=666/666 eval_running=True results_lines=116 summary_exists=False finalized=False
[2026-05-11 10:21:36] error=fetch remote state failed with code 255: kex_exchange_identification: read: Software caused connection abort
banner exchange: Connection to 34.93.58.248 port 22: Software caused connection abort

[2026-05-11 10:23:40] progress=666/666 eval_running=True results_lines=120 summary_exists=False finalized=False
[2026-05-11 10:25:40] progress=666/666 eval_running=True results_lines=123 summary_exists=False finalized=False
[2026-05-11 10:27:41] progress=666/666 eval_running=True results_lines=125 summary_exists=False finalized=False
[2026-05-11 10:29:42] progress=666/666 eval_running=True results_lines=128 summary_exists=False finalized=False
[2026-05-11 10:31:43] progress=666/666 eval_running=True results_lines=131 summary_exists=False finalized=False
[2026-05-11 10:33:44] progress=666/666 eval_running=True results_lines=133 summary_exists=False finalized=False
[2026-05-11 10:36:57] progress=666/666 eval_running=True results_lines=137 summary_exists=False finalized=False
[2026-05-11 10:38:57] progress=666/666 eval_running=True results_lines=140 summary_exists=False finalized=False
[2026-05-11 10:40:58] progress=666/666 eval_running=True results_lines=142 summary_exists=False finalized=False
[2026-05-11 10:42:59] progress=666/666 eval_running=True results_lines=145 summary_exists=False finalized=False
[2026-05-11 11:08:35] error=fetch remote state failed with code 255: ssh: connect to host 34.93.58.248 port 22: Network is unreachable

[2026-05-11 11:20:15] progress=666/666 eval_running=True results_lines=190 summary_exists=False finalized=False
[2026-05-11 11:22:16] progress=666/666 eval_running=True results_lines=193 summary_exists=False finalized=False
[2026-05-11 11:24:17] progress=666/666 eval_running=True results_lines=196 summary_exists=False finalized=False
[2026-05-11 11:26:18] progress=666/666 eval_running=True results_lines=197 summary_exists=False finalized=False
[2026-05-11 11:28:19] progress=666/666 eval_running=True results_lines=200 summary_exists=False finalized=False
[2026-05-11 11:30:20] progress=666/666 eval_running=True results_lines=202 summary_exists=False finalized=False
[2026-05-11 11:32:21] progress=666/666 eval_running=True results_lines=204 summary_exists=False finalized=False
[2026-05-11 11:34:22] progress=666/666 eval_running=True results_lines=206 summary_exists=False finalized=False
[2026-05-11 11:36:23] progress=666/666 eval_running=True results_lines=208 summary_exists=False finalized=False
[2026-05-11 11:38:24] progress=666/666 eval_running=True results_lines=212 summary_exists=False finalized=False
[2026-05-11 11:40:25] progress=666/666 eval_running=True results_lines=214 summary_exists=False finalized=False
[2026-05-11 11:42:27] progress=666/666 eval_running=True results_lines=215 summary_exists=False finalized=False
[2026-05-11 11:44:28] progress=666/666 eval_running=True results_lines=218 summary_exists=False finalized=False
[2026-05-11 11:46:29] progress=666/666 eval_running=True results_lines=221 summary_exists=False finalized=False
[2026-05-11 11:48:30] progress=666/666 eval_running=True results_lines=223 summary_exists=False finalized=False
[2026-05-11 11:50:31] progress=666/666 eval_running=True results_lines=225 summary_exists=False finalized=False
[2026-05-11 11:52:32] progress=666/666 eval_running=True results_lines=227 summary_exists=False finalized=False
[2026-05-11 11:54:33] progress=666/666 eval_running=True results_lines=230 summary_exists=False finalized=False
[2026-05-11 11:56:34] progress=666/666 eval_running=True results_lines=233 summary_exists=False finalized=False
[2026-05-11 11:58:35] progress=666/666 eval_running=True results_lines=236 summary_exists=False finalized=False
[2026-05-11 12:00:36] progress=666/666 eval_running=True results_lines=239 summary_exists=False finalized=False
[2026-05-11 12:02:36] progress=666/666 eval_running=True results_lines=242 summary_exists=False finalized=False
[2026-05-11 12:04:38] progress=666/666 eval_running=True results_lines=244 summary_exists=False finalized=False
[2026-05-11 12:06:39] progress=666/666 eval_running=True results_lines=247 summary_exists=False finalized=False
[2026-05-11 12:08:40] progress=666/666 eval_running=True results_lines=250 summary_exists=False finalized=False
[2026-05-11 12:10:41] progress=666/666 eval_running=True results_lines=252 summary_exists=False finalized=False
[2026-05-11 12:12:42] progress=666/666 eval_running=True results_lines=256 summary_exists=False finalized=False
[2026-05-11 12:14:43] progress=666/666 eval_running=True results_lines=258 summary_exists=False finalized=False
[2026-05-11 12:16:44] progress=666/666 eval_running=True results_lines=261 summary_exists=False finalized=False
[2026-05-11 12:18:45] progress=666/666 eval_running=True results_lines=263 summary_exists=False finalized=False
[2026-05-11 12:20:46] progress=666/666 eval_running=True results_lines=264 summary_exists=False finalized=False
[2026-05-11 12:22:47] progress=666/666 eval_running=True results_lines=269 summary_exists=False finalized=False
[2026-05-11 12:24:49] progress=666/666 eval_running=True results_lines=271 summary_exists=False finalized=False
[2026-05-11 12:26:49] progress=666/666 eval_running=True results_lines=273 summary_exists=False finalized=False
[2026-05-11 12:28:51] progress=666/666 eval_running=True results_lines=275 summary_exists=False finalized=False
[2026-05-11 12:30:51] progress=666/666 eval_running=True results_lines=277 summary_exists=False finalized=False
[2026-05-11 12:32:53] progress=666/666 eval_running=True results_lines=280 summary_exists=False finalized=False
[2026-05-11 12:34:53] progress=666/666 eval_running=True results_lines=283 summary_exists=False finalized=False
[2026-05-11 12:36:54] progress=666/666 eval_running=True results_lines=287 summary_exists=False finalized=False
[2026-05-11 12:38:55] progress=666/666 eval_running=True results_lines=289 summary_exists=False finalized=False
[2026-05-11 12:40:56] progress=666/666 eval_running=True results_lines=292 summary_exists=False finalized=False
[2026-05-11 12:42:57] progress=666/666 eval_running=True results_lines=296 summary_exists=False finalized=False
[2026-05-11 12:44:58] progress=666/666 eval_running=True results_lines=299 summary_exists=False finalized=False
[2026-05-11 12:46:59] progress=666/666 eval_running=True results_lines=301 summary_exists=False finalized=False
[2026-05-11 12:49:06] progress=666/666 eval_running=True results_lines=303 summary_exists=False finalized=False
[2026-05-11 12:51:07] progress=666/666 eval_running=True results_lines=307 summary_exists=False finalized=False
[2026-05-11 12:53:09] progress=666/666 eval_running=True results_lines=309 summary_exists=False finalized=False
[2026-05-11 12:55:10] progress=666/666 eval_running=True results_lines=312 summary_exists=False finalized=False
[2026-05-11 12:57:10] progress=666/666 eval_running=True results_lines=315 summary_exists=False finalized=False
[2026-05-11 12:59:11] progress=666/666 eval_running=True results_lines=317 summary_exists=False finalized=False
[2026-05-11 13:01:12] progress=666/666 eval_running=True results_lines=321 summary_exists=False finalized=False
[2026-05-11 13:03:13] progress=666/666 eval_running=True results_lines=324 summary_exists=False finalized=False
[2026-05-11 13:05:14] progress=666/666 eval_running=True results_lines=327 summary_exists=False finalized=False
[2026-05-11 13:07:15] progress=666/666 eval_running=True results_lines=329 summary_exists=False finalized=False
[2026-05-11 13:09:16] progress=666/666 eval_running=True results_lines=332 summary_exists=False finalized=False
[2026-05-11 13:11:17] progress=666/666 eval_running=True results_lines=335 summary_exists=False finalized=False
[2026-05-11 13:13:18] progress=666/666 eval_running=True results_lines=339 summary_exists=False finalized=False
[2026-05-11 13:15:19] progress=666/666 eval_running=True results_lines=341 summary_exists=False finalized=False
[2026-05-11 13:17:20] progress=666/666 eval_running=True results_lines=345 summary_exists=False finalized=False
[2026-05-11 13:19:20] progress=666/666 eval_running=True results_lines=348 summary_exists=False finalized=False
[2026-05-11 13:21:21] progress=666/666 eval_running=True results_lines=350 summary_exists=False finalized=False
[2026-05-11 13:23:23] progress=666/666 eval_running=True results_lines=353 summary_exists=False finalized=False
[2026-05-11 13:25:24] progress=666/666 eval_running=True results_lines=356 summary_exists=False finalized=False
[2026-05-11 13:27:25] progress=666/666 eval_running=True results_lines=360 summary_exists=False finalized=False
[2026-05-11 13:29:25] progress=666/666 eval_running=True results_lines=363 summary_exists=False finalized=False
[2026-05-11 13:31:26] progress=666/666 eval_running=True results_lines=365 summary_exists=False finalized=False
[2026-05-11 13:33:27] progress=666/666 eval_running=True results_lines=367 summary_exists=False finalized=False
[2026-05-11 13:35:28] progress=666/666 eval_running=True results_lines=370 summary_exists=False finalized=False
[2026-05-11 13:37:29] progress=666/666 eval_running=True results_lines=372 summary_exists=False finalized=False
[2026-05-11 13:39:30] progress=666/666 eval_running=True results_lines=374 summary_exists=False finalized=False
[2026-05-11 13:41:32] progress=666/666 eval_running=True results_lines=376 summary_exists=False finalized=False
[2026-05-11 13:43:33] progress=666/666 eval_running=True results_lines=379 summary_exists=False finalized=False
[2026-05-11 13:45:34] progress=666/666 eval_running=True results_lines=383 summary_exists=False finalized=False
[2026-05-11 13:47:35] progress=666/666 eval_running=True results_lines=386 summary_exists=False finalized=False
[2026-05-11 13:49:36] progress=666/666 eval_running=True results_lines=389 summary_exists=False finalized=False
[2026-05-11 13:51:37] progress=666/666 eval_running=True results_lines=391 summary_exists=False finalized=False
[2026-05-11 13:53:38] progress=666/666 eval_running=True results_lines=394 summary_exists=False finalized=False
[2026-05-11 13:55:39] progress=666/666 eval_running=True results_lines=397 summary_exists=False finalized=False
[2026-05-11 13:57:40] progress=666/666 eval_running=True results_lines=400 summary_exists=False finalized=False
[2026-05-11 13:59:41] progress=666/666 eval_running=True results_lines=403 summary_exists=False finalized=False
[2026-05-11 14:01:43] progress=666/666 eval_running=True results_lines=405 summary_exists=False finalized=False
[2026-05-11 14:03:43] progress=666/666 eval_running=True results_lines=408 summary_exists=False finalized=False
[2026-05-11 14:05:45] progress=666/666 eval_running=True results_lines=410 summary_exists=False finalized=False
[2026-05-11 14:07:46] progress=666/666 eval_running=True results_lines=413 summary_exists=False finalized=False
[2026-05-11 14:09:47] progress=666/666 eval_running=True results_lines=415 summary_exists=False finalized=False
[2026-05-11 14:11:48] progress=666/666 eval_running=True results_lines=417 summary_exists=False finalized=False
[2026-05-11 14:22:50] error=fetch remote state failed with code 255: ssh: connect to host 34.93.58.248 port 22: Connection timed out

[2026-05-11 14:24:51] progress=666/666 eval_running=True results_lines=435 summary_exists=False finalized=False
[2026-05-11 14:26:51] progress=666/666 eval_running=True results_lines=437 summary_exists=False finalized=False
[2026-05-11 14:28:52] progress=666/666 eval_running=True results_lines=439 summary_exists=False finalized=False
[2026-05-11 14:30:53] progress=666/666 eval_running=True results_lines=441 summary_exists=False finalized=False
[2026-05-11 14:32:54] progress=666/666 eval_running=True results_lines=445 summary_exists=False finalized=False
[2026-05-11 14:34:55] progress=666/666 eval_running=True results_lines=447 summary_exists=False finalized=False
[2026-05-11 14:36:56] progress=666/666 eval_running=True results_lines=449 summary_exists=False finalized=False
[2026-05-11 14:38:57] progress=666/666 eval_running=True results_lines=451 summary_exists=False finalized=False
[2026-05-11 14:40:58] progress=666/666 eval_running=True results_lines=453 summary_exists=False finalized=False
[2026-05-11 14:42:59] progress=666/666 eval_running=True results_lines=455 summary_exists=False finalized=False
[2026-05-11 14:45:01] progress=666/666 eval_running=True results_lines=458 summary_exists=False finalized=False
[2026-05-11 14:47:07] progress=666/666 eval_running=True results_lines=461 summary_exists=False finalized=False
[2026-05-11 14:49:08] progress=666/666 eval_running=True results_lines=463 summary_exists=False finalized=False
[2026-05-11 14:51:09] progress=666/666 eval_running=True results_lines=465 summary_exists=False finalized=False
[2026-05-11 14:53:11] progress=666/666 eval_running=True results_lines=468 summary_exists=False finalized=False
[2026-05-11 14:55:11] progress=666/666 eval_running=True results_lines=471 summary_exists=False finalized=False
[2026-05-11 14:57:12] progress=666/666 eval_running=True results_lines=474 summary_exists=False finalized=False
[2026-05-11 14:59:13] progress=666/666 eval_running=True results_lines=477 summary_exists=False finalized=False
[2026-05-11 15:01:14] progress=666/666 eval_running=True results_lines=479 summary_exists=False finalized=False
[2026-05-11 15:03:14] progress=666/666 eval_running=True results_lines=482 summary_exists=False finalized=False
[2026-05-11 15:05:16] progress=666/666 eval_running=True results_lines=485 summary_exists=False finalized=False
[2026-05-11 15:07:16] progress=666/666 eval_running=True results_lines=489 summary_exists=False finalized=False
[2026-05-11 15:09:17] progress=666/666 eval_running=True results_lines=491 summary_exists=False finalized=False
[2026-05-11 15:11:19] progress=666/666 eval_running=True results_lines=494 summary_exists=False finalized=False
[2026-05-11 15:13:20] progress=666/666 eval_running=True results_lines=497 summary_exists=False finalized=False
[2026-05-11 15:15:21] progress=666/666 eval_running=True results_lines=499 summary_exists=False finalized=False
[2026-05-11 15:17:21] progress=666/666 eval_running=True results_lines=501 summary_exists=False finalized=False
[2026-05-11 15:19:22] progress=666/666 eval_running=True results_lines=504 summary_exists=False finalized=False
[2026-05-11 15:21:23] progress=666/666 eval_running=True results_lines=506 summary_exists=False finalized=False
[2026-05-11 15:23:24] progress=666/666 eval_running=True results_lines=510 summary_exists=False finalized=False
[2026-05-11 15:25:25] progress=666/666 eval_running=True results_lines=512 summary_exists=False finalized=False
[2026-05-11 15:27:26] progress=666/666 eval_running=True results_lines=515 summary_exists=False finalized=False
[2026-05-11 15:29:27] progress=666/666 eval_running=True results_lines=517 summary_exists=False finalized=False
[2026-05-11 15:31:27] progress=666/666 eval_running=True results_lines=519 summary_exists=False finalized=False
[2026-05-11 15:33:28] progress=666/666 eval_running=True results_lines=521 summary_exists=False finalized=False
[2026-05-11 15:35:29] progress=666/666 eval_running=True results_lines=524 summary_exists=False finalized=False
[2026-05-11 15:37:30] progress=666/666 eval_running=True results_lines=527 summary_exists=False finalized=False
[2026-05-11 15:39:31] progress=666/666 eval_running=True results_lines=529 summary_exists=False finalized=False
[2026-05-11 15:41:31] progress=666/666 eval_running=True results_lines=531 summary_exists=False finalized=False
[2026-05-11 15:43:32] progress=666/666 eval_running=True results_lines=533 summary_exists=False finalized=False
[2026-05-11 15:45:33] progress=666/666 eval_running=True results_lines=535 summary_exists=False finalized=False
[2026-05-11 15:47:34] progress=666/666 eval_running=True results_lines=538 summary_exists=False finalized=False
[2026-05-11 15:49:35] progress=666/666 eval_running=True results_lines=541 summary_exists=False finalized=False
[2026-05-11 15:51:36] progress=666/666 eval_running=True results_lines=545 summary_exists=False finalized=False
[2026-05-11 15:53:37] progress=666/666 eval_running=True results_lines=546 summary_exists=False finalized=False
[2026-05-11 15:55:38] progress=666/666 eval_running=True results_lines=548 summary_exists=False finalized=False
[2026-05-11 15:57:39] progress=666/666 eval_running=True results_lines=551 summary_exists=False finalized=False
[2026-05-11 15:59:40] progress=666/666 eval_running=True results_lines=553 summary_exists=False finalized=False
[2026-05-11 16:01:41] progress=666/666 eval_running=True results_lines=556 summary_exists=False finalized=False
[2026-05-11 16:03:42] progress=666/666 eval_running=True results_lines=558 summary_exists=False finalized=False
[2026-05-11 16:05:43] progress=666/666 eval_running=True results_lines=562 summary_exists=False finalized=False
[2026-05-11 16:07:45] progress=666/666 eval_running=True results_lines=564 summary_exists=False finalized=False
[2026-05-11 16:09:47] progress=666/666 eval_running=True results_lines=566 summary_exists=False finalized=False
[2026-05-11 16:11:49] progress=666/666 eval_running=True results_lines=569 summary_exists=False finalized=False
[2026-05-11 16:13:50] progress=666/666 eval_running=True results_lines=572 summary_exists=False finalized=False
[2026-05-11 16:15:52] progress=666/666 eval_running=True results_lines=575 summary_exists=False finalized=False
[2026-05-11 16:17:53] progress=666/666 eval_running=True results_lines=578 summary_exists=False finalized=False
[2026-05-11 16:19:55] progress=666/666 eval_running=True results_lines=582 summary_exists=False finalized=False
[2026-05-11 16:21:56] progress=666/666 eval_running=True results_lines=584 summary_exists=False finalized=False
[2026-05-11 16:23:59] progress=666/666 eval_running=True results_lines=587 summary_exists=False finalized=False
[2026-05-11 16:26:00] progress=666/666 eval_running=True results_lines=589 summary_exists=False finalized=False
[2026-05-11 16:28:06] progress=666/666 eval_running=True results_lines=591 summary_exists=False finalized=False
[2026-05-11 16:30:10] progress=666/666 eval_running=True results_lines=594 summary_exists=False finalized=False
[2026-05-11 16:32:12] progress=666/666 eval_running=True results_lines=596 summary_exists=False finalized=False
[2026-05-11 16:34:13] progress=666/666 eval_running=True results_lines=598 summary_exists=False finalized=False
[2026-05-11 16:36:14] progress=666/666 eval_running=True results_lines=602 summary_exists=False finalized=False
[2026-05-11 16:38:15] progress=666/666 eval_running=True results_lines=604 summary_exists=False finalized=False
[2026-05-11 16:40:15] progress=666/666 eval_running=True results_lines=606 summary_exists=False finalized=False
[2026-05-11 16:42:16] progress=666/666 eval_running=True results_lines=609 summary_exists=False finalized=False
[2026-05-11 16:44:17] progress=666/666 eval_running=True results_lines=610 summary_exists=False finalized=False
[2026-05-11 16:46:18] progress=666/666 eval_running=True results_lines=612 summary_exists=False finalized=False
[2026-05-11 16:48:19] progress=666/666 eval_running=True results_lines=614 summary_exists=False finalized=False
[2026-05-11 16:50:20] progress=666/666 eval_running=True results_lines=616 summary_exists=False finalized=False
[2026-05-11 16:52:21] progress=666/666 eval_running=True results_lines=618 summary_exists=False finalized=False
[2026-05-11 16:54:22] progress=666/666 eval_running=True results_lines=621 summary_exists=False finalized=False
[2026-05-11 16:56:23] progress=666/666 eval_running=True results_lines=623 summary_exists=False finalized=False
[2026-05-11 16:58:24] progress=666/666 eval_running=True results_lines=626 summary_exists=False finalized=False
[2026-05-11 17:00:25] progress=666/666 eval_running=True results_lines=628 summary_exists=False finalized=False
[2026-05-11 17:02:26] progress=666/666 eval_running=True results_lines=630 summary_exists=False finalized=False
[2026-05-11 17:04:27] progress=666/666 eval_running=True results_lines=633 summary_exists=False finalized=False
[2026-05-11 17:06:28] progress=666/666 eval_running=True results_lines=635 summary_exists=False finalized=False
[2026-05-11 17:08:29] progress=666/666 eval_running=True results_lines=637 summary_exists=False finalized=False
[2026-05-11 17:10:30] progress=666/666 eval_running=True results_lines=639 summary_exists=False finalized=False
[2026-05-11 17:12:31] progress=666/666 eval_running=True results_lines=641 summary_exists=False finalized=False
[2026-05-11 17:14:32] progress=666/666 eval_running=True results_lines=644 summary_exists=False finalized=False
[2026-05-11 17:16:33] progress=666/666 eval_running=True results_lines=646 summary_exists=False finalized=False
[2026-05-11 17:18:35] progress=666/666 eval_running=True results_lines=647 summary_exists=False finalized=False
[2026-05-11 17:20:36] progress=666/666 eval_running=True results_lines=650 summary_exists=False finalized=False
[2026-05-11 17:22:37] progress=666/666 eval_running=True results_lines=652 summary_exists=False finalized=False
[2026-05-11 17:24:38] progress=666/666 eval_running=True results_lines=654 summary_exists=False finalized=False
[2026-05-11 17:26:40] progress=666/666 eval_running=True results_lines=658 summary_exists=False finalized=False
[2026-05-11 17:28:41] progress=666/666 eval_running=True results_lines=659 summary_exists=False finalized=False
[2026-05-11 17:30:42] progress=666/666 eval_running=True results_lines=661 summary_exists=False finalized=False
[2026-05-11 17:32:43] progress=666/666 eval_running=True results_lines=664 summary_exists=False finalized=False
[2026-05-11 17:34:44] progress=666/666 eval_running=True results_lines=666 summary_exists=False finalized=False
[2026-05-11 17:36:45] progress=666/666 eval_running=True results_lines=669 summary_exists=False finalized=False
[2026-05-11 17:38:46] progress=666/666 eval_running=True results_lines=671 summary_exists=False finalized=False
[2026-05-11 17:40:48] progress=666/666 eval_running=True results_lines=673 summary_exists=False finalized=False
[2026-05-11 17:42:48] progress=666/666 eval_running=True results_lines=675 summary_exists=False finalized=False
[2026-05-11 17:44:50] progress=666/666 eval_running=True results_lines=677 summary_exists=False finalized=False
[2026-05-11 17:46:51] progress=666/666 eval_running=True results_lines=680 summary_exists=False finalized=False
[2026-05-11 17:48:53] progress=666/666 eval_running=True results_lines=681 summary_exists=False finalized=False
[2026-05-11 17:50:54] progress=666/666 eval_running=True results_lines=684 summary_exists=False finalized=False
[2026-05-11 17:52:55] progress=666/666 eval_running=True results_lines=687 summary_exists=False finalized=False
[2026-05-11 17:54:56] progress=666/666 eval_running=True results_lines=690 summary_exists=False finalized=False
[2026-05-11 17:56:57] progress=666/666 eval_running=True results_lines=692 summary_exists=False finalized=False
[2026-05-11 17:58:58] progress=666/666 eval_running=True results_lines=695 summary_exists=False finalized=False
[2026-05-11 18:00:59] progress=666/666 eval_running=True results_lines=697 summary_exists=False finalized=False
[2026-05-11 18:03:00] progress=666/666 eval_running=True results_lines=701 summary_exists=False finalized=False
[2026-05-11 18:05:07] progress=666/666 eval_running=True results_lines=704 summary_exists=False finalized=False
[2026-05-11 18:07:09] progress=666/666 eval_running=True results_lines=706 summary_exists=False finalized=False
[2026-05-11 18:09:10] progress=666/666 eval_running=True results_lines=709 summary_exists=False finalized=False
[2026-05-11 18:11:11] progress=666/666 eval_running=True results_lines=712 summary_exists=False finalized=False
[2026-05-11 18:13:12] progress=666/666 eval_running=True results_lines=714 summary_exists=False finalized=False
[2026-05-11 18:15:13] progress=666/666 eval_running=True results_lines=716 summary_exists=False finalized=False
[2026-05-11 18:17:14] progress=666/666 eval_running=True results_lines=718 summary_exists=False finalized=False
[2026-05-11 18:19:15] progress=666/666 eval_running=True results_lines=720 summary_exists=False finalized=False
[2026-05-11 18:21:16] progress=666/666 eval_running=True results_lines=722 summary_exists=False finalized=False
[2026-05-11 18:23:17] progress=666/666 eval_running=True results_lines=725 summary_exists=False finalized=False
[2026-05-11 18:25:18] progress=666/666 eval_running=True results_lines=728 summary_exists=False finalized=False
[2026-05-11 18:27:19] progress=666/666 eval_running=True results_lines=730 summary_exists=False finalized=False
[2026-05-11 18:29:20] progress=666/666 eval_running=True results_lines=733 summary_exists=False finalized=False
[2026-05-11 18:31:21] progress=666/666 eval_running=True results_lines=737 summary_exists=False finalized=False
[2026-05-11 18:33:22] progress=666/666 eval_running=True results_lines=739 summary_exists=False finalized=False
[2026-05-11 18:35:23] progress=666/666 eval_running=True results_lines=742 summary_exists=False finalized=False
[2026-05-11 18:37:24] progress=666/666 eval_running=True results_lines=745 summary_exists=False finalized=False
[2026-05-11 18:39:24] progress=666/666 eval_running=True results_lines=747 summary_exists=False finalized=False
[2026-05-11 18:41:25] progress=666/666 eval_running=True results_lines=749 summary_exists=False finalized=False
[2026-05-11 18:43:26] progress=666/666 eval_running=True results_lines=751 summary_exists=False finalized=False
[2026-05-11 18:45:27] progress=666/666 eval_running=True results_lines=753 summary_exists=False finalized=False
[2026-05-11 18:47:28] progress=666/666 eval_running=True results_lines=757 summary_exists=False finalized=False
[2026-05-11 18:49:29] progress=666/666 eval_running=True results_lines=759 summary_exists=False finalized=False
[2026-05-11 18:51:30] progress=666/666 eval_running=True results_lines=763 summary_exists=False finalized=False
[2026-05-11 18:53:31] progress=666/666 eval_running=True results_lines=765 summary_exists=False finalized=False
[2026-05-11 18:55:32] progress=666/666 eval_running=True results_lines=767 summary_exists=False finalized=False
[2026-05-11 18:57:33] progress=666/666 eval_running=True results_lines=770 summary_exists=False finalized=False
[2026-05-11 18:59:34] progress=666/666 eval_running=True results_lines=773 summary_exists=False finalized=False
[2026-05-11 19:01:35] progress=666/666 eval_running=True results_lines=776 summary_exists=False finalized=False
[2026-05-11 19:03:36] progress=666/666 eval_running=True results_lines=778 summary_exists=False finalized=False
[2026-05-11 19:05:37] progress=666/666 eval_running=True results_lines=780 summary_exists=False finalized=False
[2026-05-11 19:07:38] progress=666/666 eval_running=True results_lines=782 summary_exists=False finalized=False
[2026-05-11 19:09:39] progress=666/666 eval_running=True results_lines=785 summary_exists=False finalized=False
[2026-05-11 19:11:40] progress=666/666 eval_running=True results_lines=788 summary_exists=False finalized=False
